<?xml version="1.0" encoding="UTF-8"?>
<!-- Generated by org.testng.reporters.JUnitReportReporter -->
<testsuite hostname="mustafa" failures="0" tests="1" name="com.myapp.tests.smoketestsuite.logintests.Day20_PositiveLogin" time="2.256" errors="0" timestamp="2023-06-12T09:54:22 CEST" skipped="0">
  <testcase classname="com.myapp.tests.smoketestsuite.logintests.Day20_PositiveLogin" name="US100201_Admin_Login" time="2.256"/>
</testsuite> <!-- com.myapp.tests.smoketestsuite.logintests.Day20_PositiveLogin -->
