<?xml version="1.0" encoding="UTF-8"?>
<!-- Generated by org.testng.reporters.JUnitReportReporter -->
<testsuite hostname="mustafa" failures="0" tests="1" name="com.myapp.tests.smoketestsuite.logintests.Day20_NegativeLogin" time="5.865" errors="0" timestamp="2023-06-12T09:54:22 CEST" skipped="0">
  <testcase classname="com.myapp.tests.smoketestsuite.logintests.Day20_NegativeLogin" name="US100208_Negative_Login" time="5.865"/>
</testsuite> <!-- com.myapp.tests.smoketestsuite.logintests.Day20_NegativeLogin -->
